<?xml version="1.0" encoding="UTF-8"?>
<testng-results ignored="0" total="1" passed="1" failed="0" skipped="0">
  <reporter-output>
  </reporter-output>
  <suite started-at="2025-03-21T18:26:31 IST" name="Default suite" finished-at="2025-03-21T18:26:33 IST" duration-ms="2310">
    <groups>
    </groups>
    <test started-at="2025-03-21T18:26:31 IST" name="Default test" finished-at="2025-03-21T18:26:33 IST" duration-ms="2310">
      <class name="Getcall">
        <test-method signature="Read_user()[pri:1, instance:Getcall@7dc19a70]" started-at="2025-03-21T18:26:31 IST" name="Read_user" finished-at="2025-03-21T18:26:33 IST" duration-ms="2273" status="PASS">
          <reporter-output>
          </reporter-output>
        </test-method> <!-- Read_user -->
      </class> <!-- Getcall -->
    </test> <!-- Default test -->
  </suite> <!-- Default suite -->
</testng-results>
